<?xml version="1.0" encoding="UTF-8"?>
<testsuite name="cr.una.taskapp.backend.TaskappApplicationTests" tests="1" skipped="0" failures="0" errors="0" timestamp="2020-10-05T20:58:34" hostname="gmb" time="0.009">
  <properties/>
  <testcase name="contextLoads()" classname="cr.una.taskapp.backend.TaskappApplicationTests" time="0.009"/>
  <system-out><![CDATA[2020-10-05 14:58:34.104  INFO 57316 --- [    Test worker] .b.t.c.SpringBootTestContextBootstrapper : Neither @ContextConfiguration nor @ContextHierarchy found for test class [cr.una.taskapp.backend.TaskappApplicationTests], using SpringBootContextLoader
2020-10-05 14:58:34.105  INFO 57316 --- [    Test worker] o.s.t.c.support.AbstractContextLoader    : Could not detect default resource locations for test class [cr.una.taskapp.backend.TaskappApplicationTests]: no resource found for suffixes {-context.xml, Context.groovy}.
2020-10-05 14:58:34.105  INFO 57316 --- [    Test worker] t.c.s.AnnotationConfigContextLoaderUtils : Could not detect default configuration classes for test class [cr.una.taskapp.backend.TaskappApplicationTests]: TaskappApplicationTests does not declare any static, non-private, non-final, nested classes annotated with @Configuration.
2020-10-05 14:58:34.109  INFO 57316 --- [    Test worker] .b.t.c.SpringBootTestContextBootstrapper : Found @SpringBootConfiguration cr.una.taskapp.backend.TaskappApplication for test class cr.una.taskapp.backend.TaskappApplicationTests
2020-10-05 14:58:34.111  INFO 57316 --- [    Test worker] .b.t.c.SpringBootTestContextBootstrapper : Loaded default TestExecutionListener class names from location [META-INF/spring.factories]: [org.springframework.boot.test.autoconfigure.restdocs.RestDocsTestExecutionListener, org.springframework.boot.test.autoconfigure.web.client.MockRestServiceServerResetTestExecutionListener, org.springframework.boot.test.autoconfigure.web.servlet.MockMvcPrintOnlyOnFailureTestExecutionListener, org.springframework.boot.test.autoconfigure.web.servlet.WebDriverTestExecutionListener, org.springframework.boot.test.autoconfigure.webservices.client.MockWebServiceServerTestExecutionListener, org.springframework.boot.test.mock.mockito.MockitoTestExecutionListener, org.springframework.boot.test.mock.mockito.ResetMocksTestExecutionListener, org.springframework.test.context.web.ServletTestExecutionListener, org.springframework.test.context.support.DirtiesContextBeforeModesTestExecutionListener, org.springframework.test.context.support.DependencyInjectionTestExecutionListener, org.springframework.test.context.support.DirtiesContextTestExecutionListener, org.springframework.test.context.transaction.TransactionalTestExecutionListener, org.springframework.test.context.jdbc.SqlScriptsTestExecutionListener, org.springframework.test.context.event.EventPublishingTestExecutionListener]
2020-10-05 14:58:34.111  INFO 57316 --- [    Test worker] .b.t.c.SpringBootTestContextBootstrapper : Using TestExecutionListeners: [org.springframework.test.context.web.ServletTestExecutionListener@287cc0c7, org.springframework.test.context.support.DirtiesContextBeforeModesTestExecutionListener@669f77ca, org.springframework.boot.test.mock.mockito.MockitoTestExecutionListener@1fd5ab70, org.springframework.boot.test.autoconfigure.SpringBootDependencyInjectionTestExecutionListener@3c4ad90f, org.springframework.test.context.support.DirtiesContextTestExecutionListener@72fe4cb9, org.springframework.test.context.transaction.TransactionalTestExecutionListener@6fc2440b, org.springframework.test.context.jdbc.SqlScriptsTestExecutionListener@5dfeeca8, org.springframework.test.context.event.EventPublishingTestExecutionListener@3796d4b9, org.springframework.boot.test.autoconfigure.restdocs.RestDocsTestExecutionListener@378dcd76, org.springframework.boot.test.autoconfigure.web.client.MockRestServiceServerResetTestExecutionListener@4a122590, org.springframework.boot.test.autoconfigure.web.servlet.MockMvcPrintOnlyOnFailureTestExecutionListener@60a30bd6, org.springframework.boot.test.autoconfigure.web.servlet.WebDriverTestExecutionListener@61113867, org.springframework.boot.test.autoconfigure.webservices.client.MockWebServiceServerTestExecutionListener@382eaf4e, org.springframework.boot.test.mock.mockito.ResetMocksTestExecutionListener@634b237e]
]]></system-out>
  <system-err><![CDATA[]]></system-err>
</testsuite>
