<?xml version="1.0" encoding="UTF-8"?>
<testsuite name="cr.una.taskapp.backend.dao.RoleDaoTest" tests="6" skipped="0" failures="0" errors="0" timestamp="2020-10-05T20:58:33" hostname="gmb" time="0.155">
  <properties/>
  <testcase name="testFindAll" classname="cr.una.taskapp.backend.dao.RoleDaoTest" time="0.03"/>
  <testcase name="testFindById" classname="cr.una.taskapp.backend.dao.RoleDaoTest" time="0.01"/>
  <testcase name="testDeleteById" classname="cr.una.taskapp.backend.dao.RoleDaoTest" time="0.017"/>
  <testcase name="testCreate" classname="cr.una.taskapp.backend.dao.RoleDaoTest" time="0.064"/>
  <testcase name="testDelete" classname="cr.una.taskapp.backend.dao.RoleDaoTest" time="0.014"/>
  <testcase name="testUpdate" classname="cr.una.taskapp.backend.dao.RoleDaoTest" time="0.015"/>
  <system-out><![CDATA[2020-10-05 14:58:33.443  INFO 57316 --- [    Test worker] o.s.t.c.transaction.TransactionContext   : Began transaction (1) for test context [DefaultTestContext@4abe955c testClass = RoleDaoTest, testInstance = cr.una.taskapp.backend.dao.RoleDaoTest@290cf26b, testMethod = testFindAll@RoleDaoTest, testException = [null], mergedContextConfiguration = [WebMergedContextConfiguration@6c8257e9 testClass = RoleDaoTest, locations = '{}', classes = '{class cr.una.taskapp.backend.TaskappApplication}', contextInitializerClasses = '[]', activeProfiles = '{}', propertySourceLocations = '{}', propertySourceProperties = '{org.springframework.boot.test.context.SpringBootTestContextBootstrapper=true}', contextCustomizers = set[org.springframework.boot.test.autoconfigure.properties.PropertyMappingContextCustomizer@0, org.springframework.boot.test.autoconfigure.web.servlet.WebDriverContextCustomizerFactory$Customizer@1def2a2e, org.springframework.boot.test.context.filter.ExcludeFilterContextCustomizer@33722380, org.springframework.boot.test.json.DuplicateJsonObjectContextCustomizerFactory$DuplicateJsonObjectContextCustomizer@331856d1, org.springframework.boot.test.mock.mockito.MockitoContextCustomizer@0, org.springframework.boot.test.web.client.TestRestTemplateContextCustomizer@34b359ae, org.springframework.boot.test.context.SpringBootTestArgs@1], resourceBasePath = 'src/main/webapp', contextLoader = 'org.springframework.boot.test.context.SpringBootContextLoader', parent = [null]], attributes = map['org.springframework.test.context.web.ServletTestExecutionListener.activateListener' -> true, 'org.springframework.test.context.web.ServletTestExecutionListener.populatedRequestContextHolder' -> true, 'org.springframework.test.context.web.ServletTestExecutionListener.resetRequestContextHolder' -> true]]; transaction manager [org.springframework.orm.hibernate5.HibernateTransactionManager@304768cb]; rollback [true]
2020-10-05 14:58:33.471  INFO 57316 --- [    Test worker] o.s.t.c.transaction.TransactionContext   : Rolled back transaction for test: [DefaultTestContext@4abe955c testClass = RoleDaoTest, testInstance = cr.una.taskapp.backend.dao.RoleDaoTest@290cf26b, testMethod = testFindAll@RoleDaoTest, testException = [null], mergedContextConfiguration = [WebMergedContextConfiguration@6c8257e9 testClass = RoleDaoTest, locations = '{}', classes = '{class cr.una.taskapp.backend.TaskappApplication}', contextInitializerClasses = '[]', activeProfiles = '{}', propertySourceLocations = '{}', propertySourceProperties = '{org.springframework.boot.test.context.SpringBootTestContextBootstrapper=true}', contextCustomizers = set[org.springframework.boot.test.autoconfigure.properties.PropertyMappingContextCustomizer@0, org.springframework.boot.test.autoconfigure.web.servlet.WebDriverContextCustomizerFactory$Customizer@1def2a2e, org.springframework.boot.test.context.filter.ExcludeFilterContextCustomizer@33722380, org.springframework.boot.test.json.DuplicateJsonObjectContextCustomizerFactory$DuplicateJsonObjectContextCustomizer@331856d1, org.springframework.boot.test.mock.mockito.MockitoContextCustomizer@0, org.springframework.boot.test.web.client.TestRestTemplateContextCustomizer@34b359ae, org.springframework.boot.test.context.SpringBootTestArgs@1], resourceBasePath = 'src/main/webapp', contextLoader = 'org.springframework.boot.test.context.SpringBootContextLoader', parent = [null]], attributes = map['org.springframework.test.context.web.ServletTestExecutionListener.activateListener' -> true, 'org.springframework.test.context.web.ServletTestExecutionListener.populatedRequestContextHolder' -> true, 'org.springframework.test.context.web.ServletTestExecutionListener.resetRequestContextHolder' -> true]]
2020-10-05 14:58:33.473  INFO 57316 --- [    Test worker] o.s.t.c.transaction.TransactionContext   : Began transaction (1) for test context [DefaultTestContext@4abe955c testClass = RoleDaoTest, testInstance = cr.una.taskapp.backend.dao.RoleDaoTest@1dfd5de2, testMethod = testFindById@RoleDaoTest, testException = [null], mergedContextConfiguration = [WebMergedContextConfiguration@6c8257e9 testClass = RoleDaoTest, locations = '{}', classes = '{class cr.una.taskapp.backend.TaskappApplication}', contextInitializerClasses = '[]', activeProfiles = '{}', propertySourceLocations = '{}', propertySourceProperties = '{org.springframework.boot.test.context.SpringBootTestContextBootstrapper=true}', contextCustomizers = set[org.springframework.boot.test.autoconfigure.properties.PropertyMappingContextCustomizer@0, org.springframework.boot.test.autoconfigure.web.servlet.WebDriverContextCustomizerFactory$Customizer@1def2a2e, org.springframework.boot.test.context.filter.ExcludeFilterContextCustomizer@33722380, org.springframework.boot.test.json.DuplicateJsonObjectContextCustomizerFactory$DuplicateJsonObjectContextCustomizer@331856d1, org.springframework.boot.test.mock.mockito.MockitoContextCustomizer@0, org.springframework.boot.test.web.client.TestRestTemplateContextCustomizer@34b359ae, org.springframework.boot.test.context.SpringBootTestArgs@1], resourceBasePath = 'src/main/webapp', contextLoader = 'org.springframework.boot.test.context.SpringBootContextLoader', parent = [null]], attributes = map['org.springframework.test.context.web.ServletTestExecutionListener.activateListener' -> true, 'org.springframework.test.context.web.ServletTestExecutionListener.populatedRequestContextHolder' -> true, 'org.springframework.test.context.web.ServletTestExecutionListener.resetRequestContextHolder' -> true]]; transaction manager [org.springframework.orm.hibernate5.HibernateTransactionManager@304768cb]; rollback [true]
2020-10-05 14:58:33.482  INFO 57316 --- [    Test worker] o.s.t.c.transaction.TransactionContext   : Rolled back transaction for test: [DefaultTestContext@4abe955c testClass = RoleDaoTest, testInstance = cr.una.taskapp.backend.dao.RoleDaoTest@1dfd5de2, testMethod = testFindById@RoleDaoTest, testException = [null], mergedContextConfiguration = [WebMergedContextConfiguration@6c8257e9 testClass = RoleDaoTest, locations = '{}', classes = '{class cr.una.taskapp.backend.TaskappApplication}', contextInitializerClasses = '[]', activeProfiles = '{}', propertySourceLocations = '{}', propertySourceProperties = '{org.springframework.boot.test.context.SpringBootTestContextBootstrapper=true}', contextCustomizers = set[org.springframework.boot.test.autoconfigure.properties.PropertyMappingContextCustomizer@0, org.springframework.boot.test.autoconfigure.web.servlet.WebDriverContextCustomizerFactory$Customizer@1def2a2e, org.springframework.boot.test.context.filter.ExcludeFilterContextCustomizer@33722380, org.springframework.boot.test.json.DuplicateJsonObjectContextCustomizerFactory$DuplicateJsonObjectContextCustomizer@331856d1, org.springframework.boot.test.mock.mockito.MockitoContextCustomizer@0, org.springframework.boot.test.web.client.TestRestTemplateContextCustomizer@34b359ae, org.springframework.boot.test.context.SpringBootTestArgs@1], resourceBasePath = 'src/main/webapp', contextLoader = 'org.springframework.boot.test.context.SpringBootContextLoader', parent = [null]], attributes = map['org.springframework.test.context.web.ServletTestExecutionListener.activateListener' -> true, 'org.springframework.test.context.web.ServletTestExecutionListener.populatedRequestContextHolder' -> true, 'org.springframework.test.context.web.ServletTestExecutionListener.resetRequestContextHolder' -> true]]
2020-10-05 14:58:33.486  INFO 57316 --- [    Test worker] o.s.t.c.transaction.TransactionContext   : Began transaction (1) for test context [DefaultTestContext@4abe955c testClass = RoleDaoTest, testInstance = cr.una.taskapp.backend.dao.RoleDaoTest@79d553ad, testMethod = testDeleteById@RoleDaoTest, testException = [null], mergedContextConfiguration = [WebMergedContextConfiguration@6c8257e9 testClass = RoleDaoTest, locations = '{}', classes = '{class cr.una.taskapp.backend.TaskappApplication}', contextInitializerClasses = '[]', activeProfiles = '{}', propertySourceLocations = '{}', propertySourceProperties = '{org.springframework.boot.test.context.SpringBootTestContextBootstrapper=true}', contextCustomizers = set[org.springframework.boot.test.autoconfigure.properties.PropertyMappingContextCustomizer@0, org.springframework.boot.test.autoconfigure.web.servlet.WebDriverContextCustomizerFactory$Customizer@1def2a2e, org.springframework.boot.test.context.filter.ExcludeFilterContextCustomizer@33722380, org.springframework.boot.test.json.DuplicateJsonObjectContextCustomizerFactory$DuplicateJsonObjectContextCustomizer@331856d1, org.springframework.boot.test.mock.mockito.MockitoContextCustomizer@0, org.springframework.boot.test.web.client.TestRestTemplateContextCustomizer@34b359ae, org.springframework.boot.test.context.SpringBootTestArgs@1], resourceBasePath = 'src/main/webapp', contextLoader = 'org.springframework.boot.test.context.SpringBootContextLoader', parent = [null]], attributes = map['org.springframework.test.context.web.ServletTestExecutionListener.activateListener' -> true, 'org.springframework.test.context.web.ServletTestExecutionListener.populatedRequestContextHolder' -> true, 'org.springframework.test.context.web.ServletTestExecutionListener.resetRequestContextHolder' -> true]]; transaction manager [org.springframework.orm.hibernate5.HibernateTransactionManager@304768cb]; rollback [true]
2020-10-05 14:58:33.500  INFO 57316 --- [    Test worker] o.s.t.c.transaction.TransactionContext   : Rolled back transaction for test: [DefaultTestContext@4abe955c testClass = RoleDaoTest, testInstance = cr.una.taskapp.backend.dao.RoleDaoTest@79d553ad, testMethod = testDeleteById@RoleDaoTest, testException = [null], mergedContextConfiguration = [WebMergedContextConfiguration@6c8257e9 testClass = RoleDaoTest, locations = '{}', classes = '{class cr.una.taskapp.backend.TaskappApplication}', contextInitializerClasses = '[]', activeProfiles = '{}', propertySourceLocations = '{}', propertySourceProperties = '{org.springframework.boot.test.context.SpringBootTestContextBootstrapper=true}', contextCustomizers = set[org.springframework.boot.test.autoconfigure.properties.PropertyMappingContextCustomizer@0, org.springframework.boot.test.autoconfigure.web.servlet.WebDriverContextCustomizerFactory$Customizer@1def2a2e, org.springframework.boot.test.context.filter.ExcludeFilterContextCustomizer@33722380, org.springframework.boot.test.json.DuplicateJsonObjectContextCustomizerFactory$DuplicateJsonObjectContextCustomizer@331856d1, org.springframework.boot.test.mock.mockito.MockitoContextCustomizer@0, org.springframework.boot.test.web.client.TestRestTemplateContextCustomizer@34b359ae, org.springframework.boot.test.context.SpringBootTestArgs@1], resourceBasePath = 'src/main/webapp', contextLoader = 'org.springframework.boot.test.context.SpringBootContextLoader', parent = [null]], attributes = map['org.springframework.test.context.web.ServletTestExecutionListener.activateListener' -> true, 'org.springframework.test.context.web.ServletTestExecutionListener.populatedRequestContextHolder' -> true, 'org.springframework.test.context.web.ServletTestExecutionListener.resetRequestContextHolder' -> true]]
2020-10-05 14:58:33.533  INFO 57316 --- [    Test worker] o.s.t.c.transaction.TransactionContext   : Began transaction (1) for test context [DefaultTestContext@4abe955c testClass = RoleDaoTest, testInstance = cr.una.taskapp.backend.dao.RoleDaoTest@7cd9b5b, testMethod = testCreate@RoleDaoTest, testException = [null], mergedContextConfiguration = [WebMergedContextConfiguration@6c8257e9 testClass = RoleDaoTest, locations = '{}', classes = '{class cr.una.taskapp.backend.TaskappApplication}', contextInitializerClasses = '[]', activeProfiles = '{}', propertySourceLocations = '{}', propertySourceProperties = '{org.springframework.boot.test.context.SpringBootTestContextBootstrapper=true}', contextCustomizers = set[org.springframework.boot.test.autoconfigure.properties.PropertyMappingContextCustomizer@0, org.springframework.boot.test.autoconfigure.web.servlet.WebDriverContextCustomizerFactory$Customizer@1def2a2e, org.springframework.boot.test.context.filter.ExcludeFilterContextCustomizer@33722380, org.springframework.boot.test.json.DuplicateJsonObjectContextCustomizerFactory$DuplicateJsonObjectContextCustomizer@331856d1, org.springframework.boot.test.mock.mockito.MockitoContextCustomizer@0, org.springframework.boot.test.web.client.TestRestTemplateContextCustomizer@34b359ae, org.springframework.boot.test.context.SpringBootTestArgs@1], resourceBasePath = 'src/main/webapp', contextLoader = 'org.springframework.boot.test.context.SpringBootContextLoader', parent = [null]], attributes = map['org.springframework.test.context.web.ServletTestExecutionListener.activateListener' -> true, 'org.springframework.test.context.web.ServletTestExecutionListener.populatedRequestContextHolder' -> true, 'org.springframework.test.context.web.ServletTestExecutionListener.resetRequestContextHolder' -> true]]; transaction manager [org.springframework.orm.hibernate5.HibernateTransactionManager@304768cb]; rollback [true]
2020-10-05 14:58:33.564  INFO 57316 --- [    Test worker] o.s.t.c.transaction.TransactionContext   : Rolled back transaction for test: [DefaultTestContext@4abe955c testClass = RoleDaoTest, testInstance = cr.una.taskapp.backend.dao.RoleDaoTest@7cd9b5b, testMethod = testCreate@RoleDaoTest, testException = [null], mergedContextConfiguration = [WebMergedContextConfiguration@6c8257e9 testClass = RoleDaoTest, locations = '{}', classes = '{class cr.una.taskapp.backend.TaskappApplication}', contextInitializerClasses = '[]', activeProfiles = '{}', propertySourceLocations = '{}', propertySourceProperties = '{org.springframework.boot.test.context.SpringBootTestContextBootstrapper=true}', contextCustomizers = set[org.springframework.boot.test.autoconfigure.properties.PropertyMappingContextCustomizer@0, org.springframework.boot.test.autoconfigure.web.servlet.WebDriverContextCustomizerFactory$Customizer@1def2a2e, org.springframework.boot.test.context.filter.ExcludeFilterContextCustomizer@33722380, org.springframework.boot.test.json.DuplicateJsonObjectContextCustomizerFactory$DuplicateJsonObjectContextCustomizer@331856d1, org.springframework.boot.test.mock.mockito.MockitoContextCustomizer@0, org.springframework.boot.test.web.client.TestRestTemplateContextCustomizer@34b359ae, org.springframework.boot.test.context.SpringBootTestArgs@1], resourceBasePath = 'src/main/webapp', contextLoader = 'org.springframework.boot.test.context.SpringBootContextLoader', parent = [null]], attributes = map['org.springframework.test.context.web.ServletTestExecutionListener.activateListener' -> true, 'org.springframework.test.context.web.ServletTestExecutionListener.populatedRequestContextHolder' -> true, 'org.springframework.test.context.web.ServletTestExecutionListener.resetRequestContextHolder' -> true]]
2020-10-05 14:58:33.567  INFO 57316 --- [    Test worker] o.s.t.c.transaction.TransactionContext   : Began transaction (1) for test context [DefaultTestContext@4abe955c testClass = RoleDaoTest, testInstance = cr.una.taskapp.backend.dao.RoleDaoTest@7489f932, testMethod = testDelete@RoleDaoTest, testException = [null], mergedContextConfiguration = [WebMergedContextConfiguration@6c8257e9 testClass = RoleDaoTest, locations = '{}', classes = '{class cr.una.taskapp.backend.TaskappApplication}', contextInitializerClasses = '[]', activeProfiles = '{}', propertySourceLocations = '{}', propertySourceProperties = '{org.springframework.boot.test.context.SpringBootTestContextBootstrapper=true}', contextCustomizers = set[org.springframework.boot.test.autoconfigure.properties.PropertyMappingContextCustomizer@0, org.springframework.boot.test.autoconfigure.web.servlet.WebDriverContextCustomizerFactory$Customizer@1def2a2e, org.springframework.boot.test.context.filter.ExcludeFilterContextCustomizer@33722380, org.springframework.boot.test.json.DuplicateJsonObjectContextCustomizerFactory$DuplicateJsonObjectContextCustomizer@331856d1, org.springframework.boot.test.mock.mockito.MockitoContextCustomizer@0, org.springframework.boot.test.web.client.TestRestTemplateContextCustomizer@34b359ae, org.springframework.boot.test.context.SpringBootTestArgs@1], resourceBasePath = 'src/main/webapp', contextLoader = 'org.springframework.boot.test.context.SpringBootContextLoader', parent = [null]], attributes = map['org.springframework.test.context.web.ServletTestExecutionListener.activateListener' -> true, 'org.springframework.test.context.web.ServletTestExecutionListener.populatedRequestContextHolder' -> true, 'org.springframework.test.context.web.ServletTestExecutionListener.resetRequestContextHolder' -> true]]; transaction manager [org.springframework.orm.hibernate5.HibernateTransactionManager@304768cb]; rollback [true]
2020-10-05 14:58:33.579  INFO 57316 --- [    Test worker] o.s.t.c.transaction.TransactionContext   : Rolled back transaction for test: [DefaultTestContext@4abe955c testClass = RoleDaoTest, testInstance = cr.una.taskapp.backend.dao.RoleDaoTest@7489f932, testMethod = testDelete@RoleDaoTest, testException = [null], mergedContextConfiguration = [WebMergedContextConfiguration@6c8257e9 testClass = RoleDaoTest, locations = '{}', classes = '{class cr.una.taskapp.backend.TaskappApplication}', contextInitializerClasses = '[]', activeProfiles = '{}', propertySourceLocations = '{}', propertySourceProperties = '{org.springframework.boot.test.context.SpringBootTestContextBootstrapper=true}', contextCustomizers = set[org.springframework.boot.test.autoconfigure.properties.PropertyMappingContextCustomizer@0, org.springframework.boot.test.autoconfigure.web.servlet.WebDriverContextCustomizerFactory$Customizer@1def2a2e, org.springframework.boot.test.context.filter.ExcludeFilterContextCustomizer@33722380, org.springframework.boot.test.json.DuplicateJsonObjectContextCustomizerFactory$DuplicateJsonObjectContextCustomizer@331856d1, org.springframework.boot.test.mock.mockito.MockitoContextCustomizer@0, org.springframework.boot.test.web.client.TestRestTemplateContextCustomizer@34b359ae, org.springframework.boot.test.context.SpringBootTestArgs@1], resourceBasePath = 'src/main/webapp', contextLoader = 'org.springframework.boot.test.context.SpringBootContextLoader', parent = [null]], attributes = map['org.springframework.test.context.web.ServletTestExecutionListener.activateListener' -> true, 'org.springframework.test.context.web.ServletTestExecutionListener.populatedRequestContextHolder' -> true, 'org.springframework.test.context.web.ServletTestExecutionListener.resetRequestContextHolder' -> true]]
2020-10-05 14:58:33.582  INFO 57316 --- [    Test worker] o.s.t.c.transaction.TransactionContext   : Began transaction (1) for test context [DefaultTestContext@4abe955c testClass = RoleDaoTest, testInstance = cr.una.taskapp.backend.dao.RoleDaoTest@533b62e6, testMethod = testUpdate@RoleDaoTest, testException = [null], mergedContextConfiguration = [WebMergedContextConfiguration@6c8257e9 testClass = RoleDaoTest, locations = '{}', classes = '{class cr.una.taskapp.backend.TaskappApplication}', contextInitializerClasses = '[]', activeProfiles = '{}', propertySourceLocations = '{}', propertySourceProperties = '{org.springframework.boot.test.context.SpringBootTestContextBootstrapper=true}', contextCustomizers = set[org.springframework.boot.test.autoconfigure.properties.PropertyMappingContextCustomizer@0, org.springframework.boot.test.autoconfigure.web.servlet.WebDriverContextCustomizerFactory$Customizer@1def2a2e, org.springframework.boot.test.context.filter.ExcludeFilterContextCustomizer@33722380, org.springframework.boot.test.json.DuplicateJsonObjectContextCustomizerFactory$DuplicateJsonObjectContextCustomizer@331856d1, org.springframework.boot.test.mock.mockito.MockitoContextCustomizer@0, org.springframework.boot.test.web.client.TestRestTemplateContextCustomizer@34b359ae, org.springframework.boot.test.context.SpringBootTestArgs@1], resourceBasePath = 'src/main/webapp', contextLoader = 'org.springframework.boot.test.context.SpringBootContextLoader', parent = [null]], attributes = map['org.springframework.test.context.web.ServletTestExecutionListener.activateListener' -> true, 'org.springframework.test.context.web.ServletTestExecutionListener.populatedRequestContextHolder' -> true, 'org.springframework.test.context.web.ServletTestExecutionListener.resetRequestContextHolder' -> true]]; transaction manager [org.springframework.orm.hibernate5.HibernateTransactionManager@304768cb]; rollback [true]
2020-10-05 14:58:33.595  INFO 57316 --- [    Test worker] o.s.t.c.transaction.TransactionContext   : Rolled back transaction for test: [DefaultTestContext@4abe955c testClass = RoleDaoTest, testInstance = cr.una.taskapp.backend.dao.RoleDaoTest@533b62e6, testMethod = testUpdate@RoleDaoTest, testException = [null], mergedContextConfiguration = [WebMergedContextConfiguration@6c8257e9 testClass = RoleDaoTest, locations = '{}', classes = '{class cr.una.taskapp.backend.TaskappApplication}', contextInitializerClasses = '[]', activeProfiles = '{}', propertySourceLocations = '{}', propertySourceProperties = '{org.springframework.boot.test.context.SpringBootTestContextBootstrapper=true}', contextCustomizers = set[org.springframework.boot.test.autoconfigure.properties.PropertyMappingContextCustomizer@0, org.springframework.boot.test.autoconfigure.web.servlet.WebDriverContextCustomizerFactory$Customizer@1def2a2e, org.springframework.boot.test.context.filter.ExcludeFilterContextCustomizer@33722380, org.springframework.boot.test.json.DuplicateJsonObjectContextCustomizerFactory$DuplicateJsonObjectContextCustomizer@331856d1, org.springframework.boot.test.mock.mockito.MockitoContextCustomizer@0, org.springframework.boot.test.web.client.TestRestTemplateContextCustomizer@34b359ae, org.springframework.boot.test.context.SpringBootTestArgs@1], resourceBasePath = 'src/main/webapp', contextLoader = 'org.springframework.boot.test.context.SpringBootContextLoader', parent = [null]], attributes = map['org.springframework.test.context.web.ServletTestExecutionListener.activateListener' -> true, 'org.springframework.test.context.web.ServletTestExecutionListener.populatedRequestContextHolder' -> true, 'org.springframework.test.context.web.ServletTestExecutionListener.resetRequestContextHolder' -> true]]
]]></system-out>
  <system-err><![CDATA[]]></system-err>
</testsuite>
