<?xml version="1.0" encoding="UTF-8"?>
<testsuite name="cr.una.taskapp.backend.dao.UserDaoTest" tests="4" skipped="0" failures="0" errors="0" timestamp="2020-10-05T20:58:33" hostname="gmb" time="0.081">
  <properties/>
  <testcase name="testFindAll" classname="cr.una.taskapp.backend.dao.UserDaoTest" time="0.045"/>
  <testcase name="testCreate" classname="cr.una.taskapp.backend.dao.UserDaoTest" time="0.008"/>
  <testcase name="testDelete" classname="cr.una.taskapp.backend.dao.UserDaoTest" time="0.008"/>
  <testcase name="testUpdate" classname="cr.una.taskapp.backend.dao.UserDaoTest" time="0.016"/>
  <system-out><![CDATA[2020-10-05 14:58:33.359  INFO 57316 --- [    Test worker] o.s.t.c.transaction.TransactionContext   : Began transaction (1) for test context [DefaultTestContext@4fa7592f testClass = UserDaoTest, testInstance = cr.una.taskapp.backend.dao.UserDaoTest@5ffd5eb0, testMethod = testFindAll@UserDaoTest, testException = [null], mergedContextConfiguration = [WebMergedContextConfiguration@68519b3 testClass = UserDaoTest, locations = '{}', classes = '{class cr.una.taskapp.backend.TaskappApplication}', contextInitializerClasses = '[]', activeProfiles = '{}', propertySourceLocations = '{}', propertySourceProperties = '{org.springframework.boot.test.context.SpringBootTestContextBootstrapper=true}', contextCustomizers = set[org.springframework.boot.test.autoconfigure.properties.PropertyMappingContextCustomizer@0, org.springframework.boot.test.autoconfigure.web.servlet.WebDriverContextCustomizerFactory$Customizer@1def2a2e, org.springframework.boot.test.context.filter.ExcludeFilterContextCustomizer@33722380, org.springframework.boot.test.json.DuplicateJsonObjectContextCustomizerFactory$DuplicateJsonObjectContextCustomizer@331856d1, org.springframework.boot.test.mock.mockito.MockitoContextCustomizer@0, org.springframework.boot.test.web.client.TestRestTemplateContextCustomizer@34b359ae, org.springframework.boot.test.context.SpringBootTestArgs@1], resourceBasePath = 'src/main/webapp', contextLoader = 'org.springframework.boot.test.context.SpringBootContextLoader', parent = [null]], attributes = map['org.springframework.test.context.web.ServletTestExecutionListener.activateListener' -> true, 'org.springframework.test.context.web.ServletTestExecutionListener.populatedRequestContextHolder' -> true, 'org.springframework.test.context.web.ServletTestExecutionListener.resetRequestContextHolder' -> true]]; transaction manager [org.springframework.orm.hibernate5.HibernateTransactionManager@304768cb]; rollback [true]
2020-10-05 14:58:33.402  INFO 57316 --- [    Test worker] o.s.t.c.transaction.TransactionContext   : Rolled back transaction for test: [DefaultTestContext@4fa7592f testClass = UserDaoTest, testInstance = cr.una.taskapp.backend.dao.UserDaoTest@5ffd5eb0, testMethod = testFindAll@UserDaoTest, testException = [null], mergedContextConfiguration = [WebMergedContextConfiguration@68519b3 testClass = UserDaoTest, locations = '{}', classes = '{class cr.una.taskapp.backend.TaskappApplication}', contextInitializerClasses = '[]', activeProfiles = '{}', propertySourceLocations = '{}', propertySourceProperties = '{org.springframework.boot.test.context.SpringBootTestContextBootstrapper=true}', contextCustomizers = set[org.springframework.boot.test.autoconfigure.properties.PropertyMappingContextCustomizer@0, org.springframework.boot.test.autoconfigure.web.servlet.WebDriverContextCustomizerFactory$Customizer@1def2a2e, org.springframework.boot.test.context.filter.ExcludeFilterContextCustomizer@33722380, org.springframework.boot.test.json.DuplicateJsonObjectContextCustomizerFactory$DuplicateJsonObjectContextCustomizer@331856d1, org.springframework.boot.test.mock.mockito.MockitoContextCustomizer@0, org.springframework.boot.test.web.client.TestRestTemplateContextCustomizer@34b359ae, org.springframework.boot.test.context.SpringBootTestArgs@1], resourceBasePath = 'src/main/webapp', contextLoader = 'org.springframework.boot.test.context.SpringBootContextLoader', parent = [null]], attributes = map['org.springframework.test.context.web.ServletTestExecutionListener.activateListener' -> true, 'org.springframework.test.context.web.ServletTestExecutionListener.populatedRequestContextHolder' -> true, 'org.springframework.test.context.web.ServletTestExecutionListener.resetRequestContextHolder' -> true]]
2020-10-05 14:58:33.405  INFO 57316 --- [    Test worker] o.s.t.c.transaction.TransactionContext   : Began transaction (1) for test context [DefaultTestContext@4fa7592f testClass = UserDaoTest, testInstance = cr.una.taskapp.backend.dao.UserDaoTest@61eb5b90, testMethod = testCreate@UserDaoTest, testException = [null], mergedContextConfiguration = [WebMergedContextConfiguration@68519b3 testClass = UserDaoTest, locations = '{}', classes = '{class cr.una.taskapp.backend.TaskappApplication}', contextInitializerClasses = '[]', activeProfiles = '{}', propertySourceLocations = '{}', propertySourceProperties = '{org.springframework.boot.test.context.SpringBootTestContextBootstrapper=true}', contextCustomizers = set[org.springframework.boot.test.autoconfigure.properties.PropertyMappingContextCustomizer@0, org.springframework.boot.test.autoconfigure.web.servlet.WebDriverContextCustomizerFactory$Customizer@1def2a2e, org.springframework.boot.test.context.filter.ExcludeFilterContextCustomizer@33722380, org.springframework.boot.test.json.DuplicateJsonObjectContextCustomizerFactory$DuplicateJsonObjectContextCustomizer@331856d1, org.springframework.boot.test.mock.mockito.MockitoContextCustomizer@0, org.springframework.boot.test.web.client.TestRestTemplateContextCustomizer@34b359ae, org.springframework.boot.test.context.SpringBootTestArgs@1], resourceBasePath = 'src/main/webapp', contextLoader = 'org.springframework.boot.test.context.SpringBootContextLoader', parent = [null]], attributes = map['org.springframework.test.context.web.ServletTestExecutionListener.activateListener' -> true, 'org.springframework.test.context.web.ServletTestExecutionListener.populatedRequestContextHolder' -> true, 'org.springframework.test.context.web.ServletTestExecutionListener.resetRequestContextHolder' -> true]]; transaction manager [org.springframework.orm.hibernate5.HibernateTransactionManager@304768cb]; rollback [true]
2020-10-05 14:58:33.411  INFO 57316 --- [    Test worker] o.s.t.c.transaction.TransactionContext   : Rolled back transaction for test: [DefaultTestContext@4fa7592f testClass = UserDaoTest, testInstance = cr.una.taskapp.backend.dao.UserDaoTest@61eb5b90, testMethod = testCreate@UserDaoTest, testException = [null], mergedContextConfiguration = [WebMergedContextConfiguration@68519b3 testClass = UserDaoTest, locations = '{}', classes = '{class cr.una.taskapp.backend.TaskappApplication}', contextInitializerClasses = '[]', activeProfiles = '{}', propertySourceLocations = '{}', propertySourceProperties = '{org.springframework.boot.test.context.SpringBootTestContextBootstrapper=true}', contextCustomizers = set[org.springframework.boot.test.autoconfigure.properties.PropertyMappingContextCustomizer@0, org.springframework.boot.test.autoconfigure.web.servlet.WebDriverContextCustomizerFactory$Customizer@1def2a2e, org.springframework.boot.test.context.filter.ExcludeFilterContextCustomizer@33722380, org.springframework.boot.test.json.DuplicateJsonObjectContextCustomizerFactory$DuplicateJsonObjectContextCustomizer@331856d1, org.springframework.boot.test.mock.mockito.MockitoContextCustomizer@0, org.springframework.boot.test.web.client.TestRestTemplateContextCustomizer@34b359ae, org.springframework.boot.test.context.SpringBootTestArgs@1], resourceBasePath = 'src/main/webapp', contextLoader = 'org.springframework.boot.test.context.SpringBootContextLoader', parent = [null]], attributes = map['org.springframework.test.context.web.ServletTestExecutionListener.activateListener' -> true, 'org.springframework.test.context.web.ServletTestExecutionListener.populatedRequestContextHolder' -> true, 'org.springframework.test.context.web.ServletTestExecutionListener.resetRequestContextHolder' -> true]]
2020-10-05 14:58:33.413  INFO 57316 --- [    Test worker] o.s.t.c.transaction.TransactionContext   : Began transaction (1) for test context [DefaultTestContext@4fa7592f testClass = UserDaoTest, testInstance = cr.una.taskapp.backend.dao.UserDaoTest@79346d02, testMethod = testDelete@UserDaoTest, testException = [null], mergedContextConfiguration = [WebMergedContextConfiguration@68519b3 testClass = UserDaoTest, locations = '{}', classes = '{class cr.una.taskapp.backend.TaskappApplication}', contextInitializerClasses = '[]', activeProfiles = '{}', propertySourceLocations = '{}', propertySourceProperties = '{org.springframework.boot.test.context.SpringBootTestContextBootstrapper=true}', contextCustomizers = set[org.springframework.boot.test.autoconfigure.properties.PropertyMappingContextCustomizer@0, org.springframework.boot.test.autoconfigure.web.servlet.WebDriverContextCustomizerFactory$Customizer@1def2a2e, org.springframework.boot.test.context.filter.ExcludeFilterContextCustomizer@33722380, org.springframework.boot.test.json.DuplicateJsonObjectContextCustomizerFactory$DuplicateJsonObjectContextCustomizer@331856d1, org.springframework.boot.test.mock.mockito.MockitoContextCustomizer@0, org.springframework.boot.test.web.client.TestRestTemplateContextCustomizer@34b359ae, org.springframework.boot.test.context.SpringBootTestArgs@1], resourceBasePath = 'src/main/webapp', contextLoader = 'org.springframework.boot.test.context.SpringBootContextLoader', parent = [null]], attributes = map['org.springframework.test.context.web.ServletTestExecutionListener.activateListener' -> true, 'org.springframework.test.context.web.ServletTestExecutionListener.populatedRequestContextHolder' -> true, 'org.springframework.test.context.web.ServletTestExecutionListener.resetRequestContextHolder' -> true]]; transaction manager [org.springframework.orm.hibernate5.HibernateTransactionManager@304768cb]; rollback [true]
Exito
2020-10-05 14:58:33.420  INFO 57316 --- [    Test worker] o.s.t.c.transaction.TransactionContext   : Rolled back transaction for test: [DefaultTestContext@4fa7592f testClass = UserDaoTest, testInstance = cr.una.taskapp.backend.dao.UserDaoTest@79346d02, testMethod = testDelete@UserDaoTest, testException = [null], mergedContextConfiguration = [WebMergedContextConfiguration@68519b3 testClass = UserDaoTest, locations = '{}', classes = '{class cr.una.taskapp.backend.TaskappApplication}', contextInitializerClasses = '[]', activeProfiles = '{}', propertySourceLocations = '{}', propertySourceProperties = '{org.springframework.boot.test.context.SpringBootTestContextBootstrapper=true}', contextCustomizers = set[org.springframework.boot.test.autoconfigure.properties.PropertyMappingContextCustomizer@0, org.springframework.boot.test.autoconfigure.web.servlet.WebDriverContextCustomizerFactory$Customizer@1def2a2e, org.springframework.boot.test.context.filter.ExcludeFilterContextCustomizer@33722380, org.springframework.boot.test.json.DuplicateJsonObjectContextCustomizerFactory$DuplicateJsonObjectContextCustomizer@331856d1, org.springframework.boot.test.mock.mockito.MockitoContextCustomizer@0, org.springframework.boot.test.web.client.TestRestTemplateContextCustomizer@34b359ae, org.springframework.boot.test.context.SpringBootTestArgs@1], resourceBasePath = 'src/main/webapp', contextLoader = 'org.springframework.boot.test.context.SpringBootContextLoader', parent = [null]], attributes = map['org.springframework.test.context.web.ServletTestExecutionListener.activateListener' -> true, 'org.springframework.test.context.web.ServletTestExecutionListener.populatedRequestContextHolder' -> true, 'org.springframework.test.context.web.ServletTestExecutionListener.resetRequestContextHolder' -> true]]
2020-10-05 14:58:33.425  INFO 57316 --- [    Test worker] o.s.t.c.transaction.TransactionContext   : Began transaction (1) for test context [DefaultTestContext@4fa7592f testClass = UserDaoTest, testInstance = cr.una.taskapp.backend.dao.UserDaoTest@60354c68, testMethod = testUpdate@UserDaoTest, testException = [null], mergedContextConfiguration = [WebMergedContextConfiguration@68519b3 testClass = UserDaoTest, locations = '{}', classes = '{class cr.una.taskapp.backend.TaskappApplication}', contextInitializerClasses = '[]', activeProfiles = '{}', propertySourceLocations = '{}', propertySourceProperties = '{org.springframework.boot.test.context.SpringBootTestContextBootstrapper=true}', contextCustomizers = set[org.springframework.boot.test.autoconfigure.properties.PropertyMappingContextCustomizer@0, org.springframework.boot.test.autoconfigure.web.servlet.WebDriverContextCustomizerFactory$Customizer@1def2a2e, org.springframework.boot.test.context.filter.ExcludeFilterContextCustomizer@33722380, org.springframework.boot.test.json.DuplicateJsonObjectContextCustomizerFactory$DuplicateJsonObjectContextCustomizer@331856d1, org.springframework.boot.test.mock.mockito.MockitoContextCustomizer@0, org.springframework.boot.test.web.client.TestRestTemplateContextCustomizer@34b359ae, org.springframework.boot.test.context.SpringBootTestArgs@1], resourceBasePath = 'src/main/webapp', contextLoader = 'org.springframework.boot.test.context.SpringBootContextLoader', parent = [null]], attributes = map['org.springframework.test.context.web.ServletTestExecutionListener.activateListener' -> true, 'org.springframework.test.context.web.ServletTestExecutionListener.populatedRequestContextHolder' -> true, 'org.springframework.test.context.web.ServletTestExecutionListener.resetRequestContextHolder' -> true]]; transaction manager [org.springframework.orm.hibernate5.HibernateTransactionManager@304768cb]; rollback [true]
2020-10-05 14:58:33.437  INFO 57316 --- [    Test worker] o.s.t.c.transaction.TransactionContext   : Rolled back transaction for test: [DefaultTestContext@4fa7592f testClass = UserDaoTest, testInstance = cr.una.taskapp.backend.dao.UserDaoTest@60354c68, testMethod = testUpdate@UserDaoTest, testException = [null], mergedContextConfiguration = [WebMergedContextConfiguration@68519b3 testClass = UserDaoTest, locations = '{}', classes = '{class cr.una.taskapp.backend.TaskappApplication}', contextInitializerClasses = '[]', activeProfiles = '{}', propertySourceLocations = '{}', propertySourceProperties = '{org.springframework.boot.test.context.SpringBootTestContextBootstrapper=true}', contextCustomizers = set[org.springframework.boot.test.autoconfigure.properties.PropertyMappingContextCustomizer@0, org.springframework.boot.test.autoconfigure.web.servlet.WebDriverContextCustomizerFactory$Customizer@1def2a2e, org.springframework.boot.test.context.filter.ExcludeFilterContextCustomizer@33722380, org.springframework.boot.test.json.DuplicateJsonObjectContextCustomizerFactory$DuplicateJsonObjectContextCustomizer@331856d1, org.springframework.boot.test.mock.mockito.MockitoContextCustomizer@0, org.springframework.boot.test.web.client.TestRestTemplateContextCustomizer@34b359ae, org.springframework.boot.test.context.SpringBootTestArgs@1], resourceBasePath = 'src/main/webapp', contextLoader = 'org.springframework.boot.test.context.SpringBootContextLoader', parent = [null]], attributes = map['org.springframework.test.context.web.ServletTestExecutionListener.activateListener' -> true, 'org.springframework.test.context.web.ServletTestExecutionListener.populatedRequestContextHolder' -> true, 'org.springframework.test.context.web.ServletTestExecutionListener.resetRequestContextHolder' -> true]]
]]></system-out>
  <system-err><![CDATA[]]></system-err>
</testsuite>
