<?xml version="1.0" encoding="UTF-8"?>
<testsuite name="cr.una.taskapp.backend.service.TimeSheetServiceTest" tests="4" skipped="0" failures="0" errors="0" timestamp="2020-10-05T20:58:33" hostname="gmb" time="0.027">
  <properties/>
  <testcase name="testCreateTimeSheet" classname="cr.una.taskapp.backend.service.TimeSheetServiceTest" time="0.022"/>
  <testcase name="testFindAll" classname="cr.una.taskapp.backend.service.TimeSheetServiceTest" time="0.001"/>
  <testcase name="testFindById" classname="cr.una.taskapp.backend.service.TimeSheetServiceTest" time="0.001"/>
  <testcase name="testUpdateTimeSheet" classname="cr.una.taskapp.backend.service.TimeSheetServiceTest" time="0.002"/>
  <system-out><![CDATA[]]></system-out>
  <system-err><![CDATA[]]></system-err>
</testsuite>
