<?xml version="1.0" encoding="UTF-8"?>
<testsuite name="cr.una.taskapp.backend.service.DepartmentServiceTest" tests="4" skipped="0" failures="0" errors="0" timestamp="2020-10-05T20:58:33" hostname="gmb" time="0.232">
  <properties/>
  <testcase name="testUpdateDepartment" classname="cr.una.taskapp.backend.service.DepartmentServiceTest" time="0.216"/>
  <testcase name="testFindAll" classname="cr.una.taskapp.backend.service.DepartmentServiceTest" time="0.012"/>
  <testcase name="testFindById" classname="cr.una.taskapp.backend.service.DepartmentServiceTest" time="0.002"/>
  <testcase name="testCreateDepartment" classname="cr.una.taskapp.backend.service.DepartmentServiceTest" time="0.001"/>
  <system-out><![CDATA[]]></system-out>
  <system-err><![CDATA[]]></system-err>
</testsuite>
