<?xml version="1.0" encoding="UTF-8"?>
<testsuite name="cr.una.taskapp.backend.initialData.initialDataUserTest" tests="1" skipped="0" failures="0" errors="0" timestamp="2020-10-05T20:58:33" hostname="gmb" time="0.025">
  <properties/>
  <testcase name="loadUsers" classname="cr.una.taskapp.backend.initialData.initialDataUserTest" time="0.025"/>
  <system-out><![CDATA[]]></system-out>
  <system-err><![CDATA[]]></system-err>
</testsuite>
